<?xml version="1.0" encoding="UTF-8"?>
<!-- Generated by org.testng.reporters.JUnitReportReporter -->
<testsuite skipped="0" hostname="WKMIN8532731" name="com.sapient.pom.tests.Test_LoginPage" tests="1" failures="0" timestamp="2021-06-08T13:34:50 IST" time="14.375" errors="0">
  <testcase name="testLoginPage" time="14.375" classname="com.sapient.pom.tests.Test_LoginPage"/>
  <system-out/>
</testsuite> <!-- com.sapient.pom.tests.Test_LoginPage -->
