<?xml version="1.0" encoding="UTF-8"?>
<!-- Generated by org.testng.reporters.JUnitReportReporter -->
<testsuite skipped="0" hostname="WKMIN8532731" name="com.sapient.pom.tests.Test_LoginPage" tests="1" failures="0" timestamp="2021-06-03T14:25:39 IST" time="22.790" errors="0">
  <testcase name="testLoginPage" time="22.790" classname="com.sapient.pom.tests.Test_LoginPage"/>
  <system-out/>
</testsuite> <!-- com.sapient.pom.tests.Test_LoginPage -->
